2024-04-29 18:22:59.572 [info] Log level: Info
2024-04-29 18:22:59.572 [info] Validating found git in: "git"
2024-04-29 18:22:59.572 [info] Using git "2.34.1" from "git"
2024-04-29 18:22:59.572 [info] > git rev-parse --show-toplevel [3ms]
2024-04-29 18:22:59.572 [info] fatal: not a git repository (or any of the parent directories): .git
2024-04-29 18:22:59.572 [info] > git rev-parse --show-toplevel [5ms]
2024-04-29 18:22:59.572 [info] fatal: not a git repository (or any of the parent directories): .git
2024-04-29 18:22:59.575 [info] > git rev-parse --show-toplevel [3ms]
2024-04-29 18:22:59.575 [info] fatal: not a git repository (or any of the parent directories): .git
2024-04-29 18:22:59.592 [info] > git rev-parse --show-toplevel [5ms]
2024-04-29 18:22:59.593 [info] fatal: not a git repository (or any of the parent directories): .git
2024-04-29 18:22:59.606 [info] > git rev-parse --show-toplevel [3ms]
2024-04-29 18:22:59.621 [info] > git rev-parse --git-dir --git-common-dir [2ms]
2024-04-29 18:22:59.639 [info] Open repository: /home/jeremy/public_html
2024-04-29 18:22:59.671 [info] > git config --get commit.template [10ms]
2024-04-29 18:22:59.689 [info] No remotes found in the git config file.
2024-04-29 18:22:59.689 [info] > git for-each-ref --format=%(refname)%00%(upstream:short)%00%(objectname)%00%(upstream:track)%00%(upstream:remotename)%00%(upstream:remoteref) refs/heads/master refs/remotes/master [2ms]
2024-04-29 18:22:59.690 [warning] No such branch: master.
2024-04-29 18:22:59.709 [info] > git status -z -uall [3ms]
2024-04-29 18:22:59.746 [info] > git config --get commit.template [5ms]
2024-04-29 18:22:59.759 [info] No remotes found in the git config file.
2024-04-29 18:22:59.762 [info] > git for-each-ref --format=%(refname)%00%(upstream:short)%00%(objectname)%00%(upstream:track)%00%(upstream:remotename)%00%(upstream:remoteref) refs/heads/master refs/remotes/master [3ms]
2024-04-29 18:22:59.762 [warning] No such branch: master.
2024-04-29 18:22:59.778 [info] > git status -z -uall [3ms]
2024-04-29 18:23:00.246 [info] > git check-ignore -v -z --stdin [3ms]
2024-04-29 18:23:11.805 [info] > git rev-parse --show-toplevel [4ms]
2024-04-29 18:23:11.805 [info] fatal: not a git repository (or any of the parent directories): .git
2024-04-29 18:23:12.271 [info] > git check-ignore -v -z --stdin [4ms]
2024-04-29 18:23:49.136 [info] > git rev-parse --show-toplevel [5ms]
2024-04-29 18:23:49.158 [info] > git rev-parse --git-dir --git-common-dir [4ms]
2024-04-29 18:23:49.173 [info] Open repository: /home/jeremy
2024-04-29 18:23:49.207 [info] No remotes found in the git config file.
2024-04-29 18:23:49.209 [info] > git config --get commit.template [19ms]
2024-04-29 18:23:49.210 [info] > git for-each-ref --format=%(refname)%00%(upstream:short)%00%(objectname)%00%(upstream:track)%00%(upstream:remotename)%00%(upstream:remoteref) refs/heads/master refs/remotes/master [4ms]
2024-04-29 18:23:49.210 [warning] No such branch: master.
2024-04-29 18:23:49.252 [info] > git status -z -uall [29ms]
2024-04-29 18:23:49.583 [info] > git config --get commit.template [5ms]
2024-04-29 18:23:49.597 [info] No remotes found in the git config file.
2024-04-29 18:23:49.600 [info] > git for-each-ref --format=%(refname)%00%(upstream:short)%00%(objectname)%00%(upstream:track)%00%(upstream:remotename)%00%(upstream:remoteref) refs/heads/master refs/remotes/master [3ms]
2024-04-29 18:23:49.600 [warning] No such branch: master.
2024-04-29 18:23:49.634 [info] > git status -z -uall [22ms]
2024-04-29 18:23:50.508 [info] > git check-ignore -v -z --stdin [17ms]
2024-04-29 18:23:50.510 [info] > git check-ignore -v -z --stdin [4ms]
2024-04-29 18:23:58.708 [info] > git check-ignore -v -z --stdin [2ms]
2024-04-29 18:24:00.701 [info] > git check-ignore -v -z --stdin [4ms]
2024-04-29 18:24:02.333 [info] > git check-ignore -v -z --stdin [3ms]
2024-04-29 18:24:06.549 [info] > git check-ignore -v -z --stdin [4ms]
2024-04-29 18:24:07.510 [info] > git check-ignore -v -z --stdin [2ms]
2024-04-29 18:24:14.324 [info] > git check-ignore -v -z --stdin [3ms]
2024-04-29 18:24:19.527 [info] > git check-ignore -v -z --stdin [4ms]
2024-04-29 18:24:22.263 [info] > git check-ignore -v -z --stdin [5ms]
2024-04-29 18:24:23.244 [info] > git check-ignore -v -z --stdin [4ms]
2024-04-29 18:24:23.990 [info] > git check-ignore -v -z --stdin [5ms]
2024-04-29 18:26:58.288 [info] > git remote add origin https://github.com/wangliu5220/jeremy.git [5ms]
2024-04-29 18:26:58.336 [info] > git config --get commit.template [24ms]
2024-04-29 18:26:58.337 [info] > git for-each-ref --format=%(refname)%00%(upstream:short)%00%(objectname)%00%(upstream:track)%00%(upstream:remotename)%00%(upstream:remoteref) refs/heads/master refs/remotes/master [3ms]
2024-04-29 18:26:58.338 [warning] No such branch: master.
2024-04-29 18:26:58.374 [info] > git status -z -uall [23ms]
2024-04-29 18:26:58.451 [info] > git push -u origin master [27ms]
2024-04-29 18:26:58.451 [info] error: src refspec master does not match any
error: failed to push some refs to 'https://github.com/wangliu5220/jeremy.git'
2024-04-29 18:26:58.480 [info] > git config --get commit.template [11ms]
2024-04-29 18:26:58.656 [info] > git for-each-ref --format=%(refname)%00%(upstream:short)%00%(objectname)%00%(upstream:track)%00%(upstream:remotename)%00%(upstream:remoteref) refs/heads/master refs/remotes/master [159ms]
2024-04-29 18:26:58.656 [warning] No such branch: master.
2024-04-29 18:26:58.697 [info] > git status -z -uall [23ms]
2024-04-29 18:27:56.206 [info] > git config --get commit.template [23ms]
2024-04-29 18:27:56.207 [info] > git for-each-ref --format=%(refname)%00%(upstream:short)%00%(objectname)%00%(upstream:track)%00%(upstream:remotename)%00%(upstream:remoteref) refs/heads/master refs/remotes/master [3ms]
2024-04-29 18:27:56.207 [warning] No such branch: master.
2024-04-29 18:27:56.250 [info] > git status -z -uall [22ms]
2024-04-29 18:28:01.344 [info] > git for-each-ref --format=%(refname)%00%(upstream:short)%00%(objectname)%00%(upstream:track)%00%(upstream:remotename)%00%(upstream:remoteref) refs/heads/master refs/remotes/master [4ms]
2024-04-29 18:28:01.344 [warning] No such branch: master.
2024-04-29 18:28:01.345 [info] > git config --get commit.template [18ms]
2024-04-29 18:28:01.382 [info] > git status -z -uall [23ms]
2024-04-29 18:28:06.457 [info] > git config --get commit.template [19ms]
2024-04-29 18:28:06.458 [info] > git for-each-ref --format=%(refname)%00%(upstream:short)%00%(objectname)%00%(upstream:track)%00%(upstream:remotename)%00%(upstream:remoteref) refs/heads/master refs/remotes/master [3ms]
2024-04-29 18:28:06.458 [warning] No such branch: master.
2024-04-29 18:28:06.495 [info] > git status -z -uall [20ms]
2024-04-29 18:28:11.565 [info] > git config --get commit.template [18ms]
2024-04-29 18:28:11.566 [info] > git for-each-ref --format=%(refname)%00%(upstream:short)%00%(objectname)%00%(upstream:track)%00%(upstream:remotename)%00%(upstream:remoteref) refs/heads/master refs/remotes/master [2ms]
2024-04-29 18:28:11.566 [warning] No such branch: master.
2024-04-29 18:28:11.602 [info] > git status -z -uall [20ms]
2024-04-29 18:28:16.689 [info] > git config --get commit.template [23ms]
2024-04-29 18:28:16.705 [info] > git clean -f -q -- /home/jeremy/public_html/index.html [19ms]
2024-04-29 18:28:16.719 [info] > git for-each-ref --format=%(refname)%00%(upstream:short)%00%(objectname)%00%(upstream:track)%00%(upstream:remotename)%00%(upstream:remoteref) refs/heads/master refs/remotes/master [15ms]
2024-04-29 18:28:16.720 [warning] No such branch: master.
2024-04-29 18:28:16.735 [info] > git checkout -q [17ms]
2024-04-29 18:28:16.736 [info] fatal: You are on a branch yet to be born
2024-04-29 18:28:16.765 [info] > git status -z -uall [31ms]
2024-04-29 18:28:16.838 [info] > git config --get commit.template [75ms]
2024-04-29 18:28:16.857 [info] No remotes found in the git config file.
2024-04-29 18:28:16.864 [info] > git for-each-ref --format=%(refname)%00%(upstream:short)%00%(objectname)%00%(upstream:track)%00%(upstream:remotename)%00%(upstream:remoteref) refs/heads/master refs/remotes/master [6ms]
2024-04-29 18:28:16.864 [warning] No such branch: master.
2024-04-29 18:28:17.040 [info] > git status -z -uall [161ms]
2024-04-29 18:28:19.055 [info] > git check-ignore -v -z --stdin [27ms]
2024-04-29 18:28:19.056 [info] > git check-ignore -v -z --stdin [4ms]
2024-04-29 18:28:21.847 [info] > git config --get commit.template [26ms]
2024-04-29 18:28:21.848 [info] > git for-each-ref --format=%(refname)%00%(upstream:short)%00%(objectname)%00%(upstream:track)%00%(upstream:remotename)%00%(upstream:remoteref) refs/heads/master refs/remotes/master [3ms]
2024-04-29 18:28:21.848 [warning] No such branch: master.
2024-04-29 18:28:21.889 [info] > git status -z -uall [26ms]
2024-04-29 18:28:26.954 [info] > git config --get commit.template [18ms]
2024-04-29 18:28:26.955 [info] > git for-each-ref --format=%(refname)%00%(upstream:short)%00%(objectname)%00%(upstream:track)%00%(upstream:remotename)%00%(upstream:remoteref) refs/heads/master refs/remotes/master [2ms]
2024-04-29 18:28:26.956 [warning] No such branch: master.
2024-04-29 18:28:26.993 [info] > git status -z -uall [21ms]
2024-04-29 18:28:32.067 [info] > git config --get commit.template [19ms]
2024-04-29 18:28:32.068 [info] > git for-each-ref --format=%(refname)%00%(upstream:short)%00%(objectname)%00%(upstream:track)%00%(upstream:remotename)%00%(upstream:remoteref) refs/heads/master refs/remotes/master [3ms]
2024-04-29 18:28:32.068 [warning] No such branch: master.
2024-04-29 18:28:32.103 [info] > git status -z -uall [21ms]
2024-04-29 18:28:37.176 [info] > git config --get commit.template [19ms]
2024-04-29 18:28:37.176 [info] > git for-each-ref --format=%(refname)%00%(upstream:short)%00%(objectname)%00%(upstream:track)%00%(upstream:remotename)%00%(upstream:remoteref) refs/heads/master refs/remotes/master [2ms]
2024-04-29 18:28:37.177 [warning] No such branch: master.
2024-04-29 18:28:37.212 [info] > git status -z -uall [20ms]
2024-04-29 18:28:41.300 [info] > git remote add origin https://github.com/wangliu5220/public_html.git [8ms]
2024-04-29 18:28:41.347 [info] > git config --get commit.template [20ms]
2024-04-29 18:28:41.348 [info] > git for-each-ref --format=%(refname)%00%(upstream:short)%00%(objectname)%00%(upstream:track)%00%(upstream:remotename)%00%(upstream:remoteref) refs/heads/master refs/remotes/master [2ms]
2024-04-29 18:28:41.348 [warning] No such branch: master.
2024-04-29 18:28:41.366 [info] > git status -z -uall [3ms]
2024-04-29 18:28:41.410 [info] > git push -u origin master [23ms]
2024-04-29 18:28:41.410 [info] error: src refspec master does not match any
error: failed to push some refs to 'https://github.com/wangliu5220/public_html.git'
2024-04-29 18:28:41.456 [info] > git config --get commit.template [18ms]
2024-04-29 18:28:41.457 [info] > git for-each-ref --format=%(refname)%00%(upstream:short)%00%(objectname)%00%(upstream:track)%00%(upstream:remotename)%00%(upstream:remoteref) refs/heads/master refs/remotes/master [2ms]
2024-04-29 18:28:41.457 [warning] No such branch: master.
2024-04-29 18:28:41.475 [info] > git status -z -uall [3ms]
2024-04-29 18:28:44.178 [info] > git config --get commit.template [17ms]
2024-04-29 18:28:44.180 [info] > git config --get commit.template [4ms]
2024-04-29 18:28:44.210 [info] > git for-each-ref --format=%(refname)%00%(upstream:short)%00%(objectname)%00%(upstream:track)%00%(upstream:remotename)%00%(upstream:remoteref) refs/heads/master refs/remotes/master [14ms]
2024-04-29 18:28:44.211 [warning] No such branch: master.
2024-04-29 18:28:44.233 [info] > git for-each-ref --format=%(refname)%00%(upstream:short)%00%(objectname)%00%(upstream:track)%00%(upstream:remotename)%00%(upstream:remoteref) refs/heads/master refs/remotes/master [24ms]
2024-04-29 18:28:44.233 [warning] No such branch: master.
2024-04-29 18:28:44.258 [info] > git status -z -uall [26ms]
2024-04-29 18:28:44.287 [info] > git status -z -uall [31ms]
2024-04-29 18:28:49.327 [info] > git config --get commit.template [16ms]
2024-04-29 18:28:49.327 [info] > git for-each-ref --format=%(refname)%00%(upstream:short)%00%(objectname)%00%(upstream:track)%00%(upstream:remotename)%00%(upstream:remoteref) refs/heads/master refs/remotes/master [2ms]
2024-04-29 18:28:49.328 [warning] No such branch: master.
2024-04-29 18:28:49.364 [info] > git status -z -uall [21ms]
2024-04-29 18:29:43.668 [info] > git config --get commit.template [18ms]
2024-04-29 18:29:43.669 [info] > git for-each-ref --format=%(refname)%00%(upstream:short)%00%(objectname)%00%(upstream:track)%00%(upstream:remotename)%00%(upstream:remoteref) refs/heads/master refs/remotes/master [5ms]
2024-04-29 18:29:43.669 [warning] No such branch: master.
2024-04-29 18:29:43.711 [info] > git status -z -uall [27ms]
2024-04-29 18:29:48.799 [info] > git config --get commit.template [19ms]
2024-04-29 18:29:48.799 [info] > git for-each-ref --format=%(refname)%00%(upstream:short)%00%(objectname)%00%(upstream:track)%00%(upstream:remotename)%00%(upstream:remoteref) refs/heads/master refs/remotes/master [2ms]
2024-04-29 18:29:48.800 [warning] No such branch: master.
2024-04-29 18:29:48.838 [info] > git status -z -uall [23ms]
2024-04-29 18:29:53.900 [info] > git config --get commit.template [3ms]
2024-04-29 18:29:53.927 [info] > git for-each-ref --format=%(refname)%00%(upstream:short)%00%(objectname)%00%(upstream:track)%00%(upstream:remotename)%00%(upstream:remoteref) refs/heads/master refs/remotes/master [2ms]
2024-04-29 18:29:53.928 [warning] No such branch: master.
2024-04-29 18:29:53.972 [info] > git status -z -uall [25ms]
2024-04-29 18:29:59.049 [info] > git config --get commit.template [25ms]
2024-04-29 18:29:59.050 [info] > git for-each-ref --format=%(refname)%00%(upstream:short)%00%(objectname)%00%(upstream:track)%00%(upstream:remotename)%00%(upstream:remoteref) refs/heads/master refs/remotes/master [2ms]
2024-04-29 18:29:59.051 [warning] No such branch: master.
2024-04-29 18:29:59.089 [info] > git status -z -uall [21ms]
2024-04-29 18:30:04.171 [info] > git config --get commit.template [19ms]
2024-04-29 18:30:04.172 [info] > git for-each-ref --format=%(refname)%00%(upstream:short)%00%(objectname)%00%(upstream:track)%00%(upstream:remotename)%00%(upstream:remoteref) refs/heads/master refs/remotes/master [3ms]
2024-04-29 18:30:04.172 [warning] No such branch: master.
2024-04-29 18:30:04.206 [info] > git status -z -uall [21ms]
2024-04-29 18:30:47.466 [info] > git config --get commit.template [23ms]
2024-04-29 18:30:47.468 [info] > git for-each-ref --format=%(refname)%00%(upstream:short)%00%(objectname)%00%(upstream:track)%00%(upstream:remotename)%00%(upstream:remoteref) refs/heads/master refs/remotes/master [4ms]
2024-04-29 18:30:47.469 [warning] No such branch: master.
2024-04-29 18:30:47.515 [info] > git status -z -uall [26ms]
2024-04-29 18:30:52.597 [info] > git config --get commit.template [15ms]
2024-04-29 18:30:52.598 [info] > git for-each-ref --format=%(refname)%00%(upstream:short)%00%(objectname)%00%(upstream:track)%00%(upstream:remotename)%00%(upstream:remoteref) refs/heads/main refs/remotes/main [2ms]
2024-04-29 18:30:52.598 [warning] No such branch: main.
2024-04-29 18:30:52.638 [info] > git status -z -uall [21ms]
2024-04-29 18:30:57.709 [info] > git config --get commit.template [16ms]
2024-04-29 18:30:57.710 [info] > git for-each-ref --format=%(refname)%00%(upstream:short)%00%(objectname)%00%(upstream:track)%00%(upstream:remotename)%00%(upstream:remoteref) refs/heads/main refs/remotes/main [2ms]
2024-04-29 18:30:57.710 [warning] No such branch: main.
2024-04-29 18:30:57.751 [info] > git status -z -uall [20ms]
2024-04-29 18:31:02.824 [info] > git config --get commit.template [18ms]
2024-04-29 18:31:02.825 [info] > git for-each-ref --format=%(refname)%00%(upstream:short)%00%(objectname)%00%(upstream:track)%00%(upstream:remotename)%00%(upstream:remoteref) refs/heads/main refs/remotes/main [2ms]
2024-04-29 18:31:02.826 [warning] No such branch: main.
2024-04-29 18:31:02.863 [info] > git status -z -uall [21ms]
2024-04-29 18:31:07.943 [info] > git config --get commit.template [25ms]
2024-04-29 18:31:07.944 [info] > git for-each-ref --format=%(refname)%00%(upstream:short)%00%(objectname)%00%(upstream:track)%00%(upstream:remotename)%00%(upstream:remoteref) refs/heads/main refs/remotes/main [3ms]
2024-04-29 18:31:07.945 [warning] No such branch: main.
2024-04-29 18:31:07.982 [info] > git status -z -uall [22ms]
2024-04-29 18:31:15.592 [info] > git config --get commit.template [24ms]
2024-04-29 18:31:15.593 [info] > git for-each-ref --format=%(refname)%00%(upstream:short)%00%(objectname)%00%(upstream:track)%00%(upstream:remotename)%00%(upstream:remoteref) refs/heads/main refs/remotes/main [3ms]
2024-04-29 18:31:15.593 [warning] No such branch: main.
2024-04-29 18:31:15.629 [info] > git status -z -uall [21ms]
2024-04-29 18:31:20.696 [info] > git config --get commit.template [19ms]
2024-04-29 18:31:20.697 [info] > git for-each-ref --format=%(refname)%00%(upstream:short)%00%(objectname)%00%(upstream:track)%00%(upstream:remotename)%00%(upstream:remoteref) refs/heads/main refs/remotes/main [2ms]
2024-04-29 18:31:20.697 [warning] No such branch: main.
2024-04-29 18:31:20.734 [info] > git status -z -uall [23ms]
2024-04-29 18:31:26.444 [info] > git config --get commit.template [16ms]
2024-04-29 18:31:26.445 [info] > git for-each-ref --format=%(refname)%00%(upstream:short)%00%(objectname)%00%(upstream:track)%00%(upstream:remotename)%00%(upstream:remoteref) refs/heads/main refs/remotes/main [2ms]
2024-04-29 18:31:26.445 [warning] No such branch: main.
2024-04-29 18:31:26.482 [info] > git status -z -uall [20ms]
2024-04-29 18:31:31.560 [info] > git config --get commit.template [23ms]
2024-04-29 18:31:31.561 [info] > git for-each-ref --format=%(refname)%00%(upstream:short)%00%(objectname)%00%(upstream:track)%00%(upstream:remotename)%00%(upstream:remoteref) refs/heads/main refs/remotes/main [4ms]
2024-04-29 18:31:31.561 [warning] No such branch: main.
2024-04-29 18:31:31.604 [info] > git status -z -uall [19ms]
2024-04-29 18:31:36.678 [info] > git config --get commit.template [18ms]
2024-04-29 18:31:36.679 [info] > git for-each-ref --format=%(refname)%00%(upstream:short)%00%(objectname)%00%(upstream:track)%00%(upstream:remotename)%00%(upstream:remoteref) refs/heads/main refs/remotes/main [3ms]
2024-04-29 18:31:36.679 [warning] No such branch: main.
2024-04-29 18:31:36.717 [info] > git status -z -uall [21ms]
2024-04-29 18:32:03.826 [info] > git config --get commit.template [21ms]
2024-04-29 18:32:03.827 [info] > git for-each-ref --format=%(refname)%00%(upstream:short)%00%(objectname)%00%(upstream:track)%00%(upstream:remotename)%00%(upstream:remoteref) refs/heads/main refs/remotes/main [2ms]
2024-04-29 18:32:03.828 [warning] No such branch: main.
2024-04-29 18:32:03.864 [info] > git status -z -uall [21ms]
2024-04-29 18:32:08.920 [info] > git config --get commit.template [3ms]
2024-04-29 18:32:08.946 [info] > git for-each-ref --format=%(refname)%00%(upstream:short)%00%(objectname)%00%(upstream:track)%00%(upstream:remotename)%00%(upstream:remoteref) refs/heads/main refs/remotes/main [2ms]
2024-04-29 18:32:08.947 [warning] No such branch: main.
2024-04-29 18:32:08.986 [info] > git status -z -uall [20ms]
2024-04-29 18:32:14.063 [info] > git config --get commit.template [16ms]
2024-04-29 18:32:14.064 [info] > git for-each-ref --format=%(refname)%00%(upstream:short)%00%(objectname)%00%(upstream:track)%00%(upstream:remotename)%00%(upstream:remoteref) refs/heads/main refs/remotes/main [2ms]
2024-04-29 18:32:14.065 [warning] No such branch: main.
2024-04-29 18:32:14.100 [info] > git status -z -uall [21ms]
2024-04-29 18:32:16.127 [info] > git for-each-ref --sort -committerdate --format %(refname) %(objectname) %(*objectname) [3ms]
2024-04-29 18:32:19.171 [info] > git config --get commit.template [15ms]
2024-04-29 18:32:19.172 [info] > git for-each-ref --format=%(refname)%00%(upstream:short)%00%(objectname)%00%(upstream:track)%00%(upstream:remotename)%00%(upstream:remoteref) refs/heads/main refs/remotes/main [3ms]
2024-04-29 18:32:19.172 [warning] No such branch: main.
2024-04-29 18:32:19.208 [info] > git status -z -uall [21ms]
2024-04-29 18:32:29.358 [info] > git config --get commit.template [21ms]
2024-04-29 18:32:29.358 [info] > git for-each-ref --format=%(refname)%00%(upstream:short)%00%(objectname)%00%(upstream:track)%00%(upstream:remotename)%00%(upstream:remoteref) refs/heads/main refs/remotes/main [2ms]
2024-04-29 18:32:29.359 [warning] No such branch: main.
2024-04-29 18:32:29.404 [info] > git status -z -uall [28ms]
2024-04-29 18:32:30.292 [info] > git add -A -- . [890ms]
2024-04-29 18:32:30.292 [info] error: 'public_html/' does not have a commit checked out
fatal: adding files failed
2024-04-29 18:32:30.345 [info] > git config --get commit.template [24ms]
2024-04-29 18:32:30.346 [info] > git for-each-ref --format=%(refname)%00%(upstream:short)%00%(objectname)%00%(upstream:track)%00%(upstream:remotename)%00%(upstream:remoteref) refs/heads/main refs/remotes/main [1ms]
2024-04-29 18:32:30.346 [warning] No such branch: main.
2024-04-29 18:32:30.383 [info] > git status -z -uall [20ms]
2024-04-29 18:32:36.593 [info] > git config --get commit.template [18ms]
2024-04-29 18:32:36.593 [info] > git for-each-ref --format=%(refname)%00%(upstream:short)%00%(objectname)%00%(upstream:track)%00%(upstream:remotename)%00%(upstream:remoteref) refs/heads/main refs/remotes/main [3ms]
2024-04-29 18:32:36.593 [warning] No such branch: main.
2024-04-29 18:32:36.629 [info] > git status -z -uall [21ms]
2024-04-29 18:32:41.706 [info] > git config --get commit.template [26ms]
2024-04-29 18:32:41.707 [info] > git for-each-ref --format=%(refname)%00%(upstream:short)%00%(objectname)%00%(upstream:track)%00%(upstream:remotename)%00%(upstream:remoteref) refs/heads/main refs/remotes/main [3ms]
2024-04-29 18:32:41.707 [warning] No such branch: main.
2024-04-29 18:32:41.748 [info] > git status -z -uall [19ms]
2024-04-29 18:32:46.826 [info] > git config --get commit.template [22ms]
2024-04-29 18:32:46.827 [info] > git for-each-ref --format=%(refname)%00%(upstream:short)%00%(objectname)%00%(upstream:track)%00%(upstream:remotename)%00%(upstream:remoteref) refs/heads/main refs/remotes/main [3ms]
2024-04-29 18:32:46.827 [warning] No such branch: main.
2024-04-29 18:32:46.863 [info] > git status -z -uall [22ms]
2024-04-29 18:32:51.937 [info] > git config --get commit.template [19ms]
2024-04-29 18:32:51.938 [info] > git for-each-ref --format=%(refname)%00%(upstream:short)%00%(objectname)%00%(upstream:track)%00%(upstream:remotename)%00%(upstream:remoteref) refs/heads/main refs/remotes/main [4ms]
2024-04-29 18:32:51.938 [warning] No such branch: main.
2024-04-29 18:32:51.984 [info] > git status -z -uall [20ms]
2024-04-29 18:32:57.055 [info] > git config --get commit.template [17ms]
2024-04-29 18:32:57.056 [info] > git for-each-ref --format=%(refname)%00%(upstream:short)%00%(objectname)%00%(upstream:track)%00%(upstream:remotename)%00%(upstream:remoteref) refs/heads/main refs/remotes/main [3ms]
2024-04-29 18:32:57.056 [warning] No such branch: main.
2024-04-29 18:32:57.092 [info] > git status -z -uall [21ms]
2024-04-29 18:33:02.174 [info] > git config --get commit.template [18ms]
2024-04-29 18:33:02.175 [info] > git for-each-ref --format=%(refname)%00%(upstream:short)%00%(objectname)%00%(upstream:track)%00%(upstream:remotename)%00%(upstream:remoteref) refs/heads/main refs/remotes/main [2ms]
2024-04-29 18:33:02.175 [warning] No such branch: main.
2024-04-29 18:33:02.219 [info] > git status -z -uall [19ms]
2024-04-29 18:33:07.291 [info] > git config --get commit.template [22ms]
2024-04-29 18:33:07.292 [info] > git for-each-ref --format=%(refname)%00%(upstream:short)%00%(objectname)%00%(upstream:track)%00%(upstream:remotename)%00%(upstream:remoteref) refs/heads/main refs/remotes/main [2ms]
2024-04-29 18:33:07.292 [warning] No such branch: main.
2024-04-29 18:33:07.336 [info] > git status -z -uall [21ms]
2024-04-29 18:33:08.248 [info] > git check-ignore -v -z --stdin [3ms]
2024-04-29 18:33:12.406 [info] > git config --get commit.template [17ms]
2024-04-29 18:33:12.407 [info] > git for-each-ref --format=%(refname)%00%(upstream:short)%00%(objectname)%00%(upstream:track)%00%(upstream:remotename)%00%(upstream:remoteref) refs/heads/main refs/remotes/main [3ms]
2024-04-29 18:33:12.407 [warning] No such branch: main.
2024-04-29 18:33:12.442 [info] > git status -z -uall [20ms]
2024-04-29 18:35:25.634 [info] > git config --get commit.template [27ms]
2024-04-29 18:35:25.635 [info] > git for-each-ref --format=%(refname)%00%(upstream:short)%00%(objectname)%00%(upstream:track)%00%(upstream:remotename)%00%(upstream:remoteref) refs/heads/main refs/remotes/main [3ms]
2024-04-29 18:35:25.635 [warning] No such branch: main.
2024-04-29 18:35:25.676 [info] > git status -z -uall [21ms]
2024-04-29 18:35:30.724 [info] > git for-each-ref --sort -committerdate --format %(refname) %(objectname) %(*objectname) [4ms]
2024-04-29 18:35:30.770 [info] > git config --get commit.template [22ms]
2024-04-29 18:35:30.770 [info] > git for-each-ref --format=%(refname)%00%(upstream:short)%00%(objectname)%00%(upstream:track)%00%(upstream:remotename)%00%(upstream:remoteref) refs/heads/main refs/remotes/main [2ms]
2024-04-29 18:35:30.770 [warning] No such branch: main.
2024-04-29 18:35:30.810 [info] > git status -z -uall [23ms]
2024-04-29 18:35:35.885 [info] > git config --get commit.template [21ms]
2024-04-29 18:35:35.886 [info] > git for-each-ref --format=%(refname)%00%(upstream:short)%00%(objectname)%00%(upstream:track)%00%(upstream:remotename)%00%(upstream:remoteref) refs/heads/main refs/remotes/main [1ms]
2024-04-29 18:35:35.886 [warning] No such branch: main.
2024-04-29 18:35:35.924 [info] > git status -z -uall [22ms]
2024-04-29 18:35:36.194 [info] > git for-each-ref --sort -committerdate --format %(refname) %(objectname) %(*objectname) [162ms]
2024-04-29 18:35:40.998 [info] > git config --get commit.template [17ms]
2024-04-29 18:35:40.999 [info] > git for-each-ref --format=%(refname)%00%(upstream:short)%00%(objectname)%00%(upstream:track)%00%(upstream:remotename)%00%(upstream:remoteref) refs/heads/main refs/remotes/main [3ms]
2024-04-29 18:35:40.999 [warning] No such branch: main.
2024-04-29 18:35:41.042 [info] > git status -z -uall [21ms]
2024-04-29 18:35:46.110 [info] > git config --get commit.template [17ms]
2024-04-29 18:35:46.111 [info] > git for-each-ref --format=%(refname)%00%(upstream:short)%00%(objectname)%00%(upstream:track)%00%(upstream:remotename)%00%(upstream:remoteref) refs/heads/main refs/remotes/main [2ms]
2024-04-29 18:35:46.112 [warning] No such branch: main.
2024-04-29 18:35:46.155 [info] > git status -z -uall [21ms]
2024-04-29 18:35:51.231 [info] > git config --get commit.template [18ms]
2024-04-29 18:35:51.232 [info] > git for-each-ref --format=%(refname)%00%(upstream:short)%00%(objectname)%00%(upstream:track)%00%(upstream:remotename)%00%(upstream:remoteref) refs/heads/main refs/remotes/main [3ms]
2024-04-29 18:35:51.232 [warning] No such branch: main.
2024-04-29 18:35:51.267 [info] > git status -z -uall [20ms]
2024-04-29 18:35:56.341 [info] > git config --get commit.template [22ms]
2024-04-29 18:35:56.341 [info] > git for-each-ref --format=%(refname)%00%(upstream:short)%00%(objectname)%00%(upstream:track)%00%(upstream:remotename)%00%(upstream:remoteref) refs/heads/main refs/remotes/main [2ms]
2024-04-29 18:35:56.341 [warning] No such branch: main.
2024-04-29 18:35:56.384 [info] > git status -z -uall [24ms]
2024-04-29 18:36:01.460 [info] > git config --get commit.template [19ms]
2024-04-29 18:36:01.461 [info] > git for-each-ref --format=%(refname)%00%(upstream:short)%00%(objectname)%00%(upstream:track)%00%(upstream:remotename)%00%(upstream:remoteref) refs/heads/main refs/remotes/main [3ms]
2024-04-29 18:36:01.461 [warning] No such branch: main.
2024-04-29 18:36:01.497 [info] > git status -z -uall [20ms]
2024-04-29 18:36:06.569 [info] > git config --get commit.template [18ms]
2024-04-29 18:36:06.570 [info] > git for-each-ref --format=%(refname)%00%(upstream:short)%00%(objectname)%00%(upstream:track)%00%(upstream:remotename)%00%(upstream:remoteref) refs/heads/main refs/remotes/main [2ms]
2024-04-29 18:36:06.571 [warning] No such branch: main.
2024-04-29 18:36:06.608 [info] > git status -z -uall [23ms]
2024-04-29 18:36:11.691 [info] > git config --get commit.template [27ms]
2024-04-29 18:36:11.692 [info] > git for-each-ref --format=%(refname)%00%(upstream:short)%00%(objectname)%00%(upstream:track)%00%(upstream:remotename)%00%(upstream:remoteref) refs/heads/main refs/remotes/main [4ms]
2024-04-29 18:36:11.692 [warning] No such branch: main.
2024-04-29 18:36:11.730 [info] > git status -z -uall [21ms]
2024-04-29 18:36:16.799 [info] > git config --get commit.template [16ms]
2024-04-29 18:36:16.800 [info] > git for-each-ref --format=%(refname)%00%(upstream:short)%00%(objectname)%00%(upstream:track)%00%(upstream:remotename)%00%(upstream:remoteref) refs/heads/main refs/remotes/main [3ms]
2024-04-29 18:36:16.800 [warning] No such branch: main.
2024-04-29 18:36:16.838 [info] > git status -z -uall [22ms]
2024-04-29 18:36:21.909 [info] > git config --get commit.template [18ms]
2024-04-29 18:36:21.910 [info] > git for-each-ref --format=%(refname)%00%(upstream:short)%00%(objectname)%00%(upstream:track)%00%(upstream:remotename)%00%(upstream:remoteref) refs/heads/main refs/remotes/main [2ms]
2024-04-29 18:36:21.910 [warning] No such branch: main.
2024-04-29 18:36:21.948 [info] > git status -z -uall [22ms]
2024-04-29 18:36:27.027 [info] > git config --get commit.template [27ms]
2024-04-29 18:36:27.028 [info] > git for-each-ref --format=%(refname)%00%(upstream:short)%00%(objectname)%00%(upstream:track)%00%(upstream:remotename)%00%(upstream:remoteref) refs/heads/main refs/remotes/main [4ms]
2024-04-29 18:36:27.028 [warning] No such branch: main.
2024-04-29 18:36:27.071 [info] > git status -z -uall [21ms]
2024-04-29 18:36:32.142 [info] > git config --get commit.template [18ms]
2024-04-29 18:36:32.143 [info] > git for-each-ref --format=%(refname)%00%(upstream:short)%00%(objectname)%00%(upstream:track)%00%(upstream:remotename)%00%(upstream:remoteref) refs/heads/main refs/remotes/main [2ms]
2024-04-29 18:36:32.144 [warning] No such branch: main.
2024-04-29 18:36:32.179 [info] > git status -z -uall [21ms]
2024-04-29 18:37:57.555 [info] > git config --get commit.template [20ms]
2024-04-29 18:37:57.557 [info] > git for-each-ref --format=%(refname)%00%(upstream:short)%00%(objectname)%00%(upstream:track)%00%(upstream:remotename)%00%(upstream:remoteref) refs/heads/main refs/remotes/main [2ms]
2024-04-29 18:37:57.557 [warning] No such branch: main.
2024-04-29 18:37:57.595 [info] > git status -z -uall [20ms]
2024-04-29 18:38:02.665 [info] > git config --get commit.template [22ms]
2024-04-29 18:38:02.666 [info] > git for-each-ref --format=%(refname)%00%(upstream:short)%00%(objectname)%00%(upstream:track)%00%(upstream:remotename)%00%(upstream:remoteref) refs/heads/main refs/remotes/main [4ms]
2024-04-29 18:38:02.666 [warning] No such branch: main.
2024-04-29 18:38:02.703 [info] > git status -z -uall [20ms]
2024-04-29 18:38:07.789 [info] > git config --get commit.template [23ms]
2024-04-29 18:38:07.790 [info] > git for-each-ref --format=%(refname)%00%(upstream:short)%00%(objectname)%00%(upstream:track)%00%(upstream:remotename)%00%(upstream:remoteref) refs/heads/main refs/remotes/main [2ms]
2024-04-29 18:38:07.790 [warning] No such branch: main.
2024-04-29 18:38:07.832 [info] > git status -z -uall [23ms]
2024-04-29 18:38:12.901 [info] > git config --get commit.template [17ms]
2024-04-29 18:38:12.902 [info] > git for-each-ref --format=%(refname)%00%(upstream:short)%00%(objectname)%00%(upstream:track)%00%(upstream:remotename)%00%(upstream:remoteref) refs/heads/main refs/remotes/main [3ms]
2024-04-29 18:38:12.902 [warning] No such branch: main.
2024-04-29 18:38:12.942 [info] > git status -z -uall [20ms]
2024-04-29 18:38:18.026 [info] > git config --get commit.template [27ms]
2024-04-29 18:38:18.027 [info] > git for-each-ref --format=%(refname)%00%(upstream:short)%00%(objectname)%00%(upstream:track)%00%(upstream:remotename)%00%(upstream:remoteref) refs/heads/main refs/remotes/main [3ms]
2024-04-29 18:38:18.027 [warning] No such branch: main.
2024-04-29 18:38:18.068 [info] > git status -z -uall [20ms]
2024-04-29 18:38:23.148 [info] > git config --get commit.template [24ms]
2024-04-29 18:38:23.148 [info] > git for-each-ref --format=%(refname)%00%(upstream:short)%00%(objectname)%00%(upstream:track)%00%(upstream:remotename)%00%(upstream:remoteref) refs/heads/main refs/remotes/main [3ms]
2024-04-29 18:38:23.148 [warning] No such branch: main.
2024-04-29 18:38:23.185 [info] > git status -z -uall [21ms]
2024-04-29 18:38:28.254 [info] > git config --get commit.template [17ms]
2024-04-29 18:38:28.255 [info] > git for-each-ref --format=%(refname)%00%(upstream:short)%00%(objectname)%00%(upstream:track)%00%(upstream:remotename)%00%(upstream:remoteref) refs/heads/main refs/remotes/main [2ms]
2024-04-29 18:38:28.255 [warning] No such branch: main.
2024-04-29 18:38:28.296 [info] > git status -z -uall [20ms]
