2024-04-29 18:39:05.441 [info] Extension host with pid 217527 started
2024-04-29 18:39:05.441 [error] Error: EEXIST: file already exists, open '/home/jeremy/.vscode-server/data/User/workspaceStorage/480a8a9b4d52df7f6a108feca45bf438/vscode.lock'
2024-04-29 18:39:05.447 [info] Lock '/home/jeremy/.vscode-server/data/User/workspaceStorage/480a8a9b4d52df7f6a108feca45bf438/vscode.lock': Could not acquire lock, checking if the file is stale.
2024-04-29 18:39:05.459 [info] Lock '/home/jeremy/.vscode-server/data/User/workspaceStorage/480a8a9b4d52df7f6a108feca45bf438/vscode.lock': The lock does not look stale, elapsed: 851 ms, giving up.
2024-04-29 18:39:05.493 [info] Lock '/home/jeremy/.vscode-server/data/User/workspaceStorage/480a8a9b4d52df7f6a108feca45bf438-1/vscode.lock': Lock acquired.
2024-04-29 18:39:05.522 [info] ExtensionService#_doActivateExtension vscode.git-base, startup: true, activationEvent: '*', root cause: vscode.git
2024-04-29 18:39:05.752 [info] ExtensionService#_doActivateExtension vscode.git, startup: true, activationEvent: '*'
2024-04-29 18:39:05.752 [info] ExtensionService#_doActivateExtension vscode.github, startup: true, activationEvent: '*'
2024-04-29 18:39:06.278 [info] Eager extensions activated
2024-04-29 18:39:06.279 [info] ExtensionService#_doActivateExtension vscode.debug-auto-launch, startup: false, activationEvent: 'onStartupFinished'
2024-04-29 18:39:06.279 [info] ExtensionService#_doActivateExtension vscode.merge-conflict, startup: false, activationEvent: 'onStartupFinished'
2024-04-29 18:39:06.583 [warning] [Decorations] CAPPING events from decorations provider vscode.git 1181
2024-04-29 18:39:07.020 [warning] [Decorations] CAPPING events from decorations provider vscode.git 1181
2024-04-29 18:39:22.731 [info] ExtensionService#_doActivateExtension vscode.emmet, startup: false, activationEvent: 'onLanguage'
2024-04-29 18:39:36.926 [warning] [Decorations] CAPPING events from decorations provider vscode.git 1181
2024-04-29 18:39:44.924 [warning] [Decorations] CAPPING events from decorations provider vscode.git 1181
2024-04-29 18:39:53.875 [warning] [Decorations] CAPPING events from decorations provider vscode.git 1181
2024-04-29 18:39:54.168 [warning] [Decorations] CAPPING events from decorations provider vscode.git 1181
2024-04-29 18:40:09.915 [warning] [Decorations] CAPPING events from decorations provider vscode.git 1181
2024-04-29 18:40:13.550 [warning] [Decorations] CAPPING events from decorations provider vscode.git 1181
2024-04-29 18:40:18.839 [warning] [Decorations] CAPPING events from decorations provider vscode.git 1181
2024-04-29 18:40:23.952 [warning] [Decorations] CAPPING events from decorations provider vscode.git 1181
